The system is: Linux - 4.9.201-tegra - aarch64
Compiling the C compiler identification source file "CMakeCCompilerId.c" succeeded.
Compiler: /usr/bin/cc 
Build flags: 
Id flags:  

The output was:
0


Compilation of the C compiler identification source "CMakeCCompilerId.c" produced "a.out"

The C compiler identification is GNU, found in "/home/unitree/lcm-1.4.0/build/CMakeFiles/3.10.2/CompilerIdC/a.out"

Compiling the CXX compiler identification source file "CMakeCXXCompilerId.cpp" succeeded.
Compiler: /usr/bin/c++ 
Build flags: 
Id flags:  

The output was:
0


Compilation of the CXX compiler identification source "CMakeCXXCompilerId.cpp" produced "a.out"

The CXX compiler identification is GNU, found in "/home/unitree/lcm-1.4.0/build/CMakeFiles/3.10.2/CompilerIdCXX/a.out"

Determining if the C compiler works passed with the following output:
Change Dir: /home/unitree/lcm-1.4.0/build/CMakeFiles/CMakeTmp

Run Build Command:"/usr/bin/make" "cmTC_90128/fast"
/usr/bin/make -f CMakeFiles/cmTC_90128.dir/build.make CMakeFiles/cmTC_90128.dir/build
make[1]: Entering directory '/home/unitree/lcm-1.4.0/build/CMakeFiles/CMakeTmp'
Building C object CMakeFiles/cmTC_90128.dir/testCCompiler.c.o
/usr/bin/cc    -o CMakeFiles/cmTC_90128.dir/testCCompiler.c.o   -c /home/unitree/lcm-1.4.0/build/CMakeFiles/CMakeTmp/testCCompiler.c
Linking C executable cmTC_90128
/usr/bin/cmake -E cmake_link_script CMakeFiles/cmTC_90128.dir/link.txt --verbose=1
/usr/bin/cc      -rdynamic CMakeFiles/cmTC_90128.dir/testCCompiler.c.o  -o cmTC_90128 
make[1]: Leaving directory '/home/unitree/lcm-1.4.0/build/CMakeFiles/CMakeTmp'


Detecting C compiler ABI info compiled with the following output:
Change Dir: /home/unitree/lcm-1.4.0/build/CMakeFiles/CMakeTmp

Run Build Command:"/usr/bin/make" "cmTC_a7721/fast"
/usr/bin/make -f CMakeFiles/cmTC_a7721.dir/build.make CMakeFiles/cmTC_a7721.dir/build
make[1]: Entering directory '/home/unitree/lcm-1.4.0/build/CMakeFiles/CMakeTmp'
Building C object CMakeFiles/cmTC_a7721.dir/CMakeCCompilerABI.c.o
/usr/bin/cc    -o CMakeFiles/cmTC_a7721.dir/CMakeCCompilerABI.c.o   -c /usr/share/cmake-3.10/Modules/CMakeCCompilerABI.c
Linking C executable cmTC_a7721
/usr/bin/cmake -E cmake_link_script CMakeFiles/cmTC_a7721.dir/link.txt --verbose=1
/usr/bin/cc     -v -rdynamic CMakeFiles/cmTC_a7721.dir/CMakeCCompilerABI.c.o  -o cmTC_a7721 
Using built-in specs.
COLLECT_GCC=/usr/bin/cc
COLLECT_LTO_WRAPPER=/usr/lib/gcc/aarch64-linux-gnu/7/lto-wrapper
Target: aarch64-linux-gnu
Configured with: ../src/configure -v --with-pkgversion='Ubuntu/Linaro 7.5.0-3ubuntu1~18.04' --with-bugurl=file:///usr/share/doc/gcc-7/README.Bugs --enable-languages=c,ada,c++,go,d,fortran,objc,obj-c++ --prefix=/usr --with-gcc-major-version-only --program-suffix=-7 --program-prefix=aarch64-linux-gnu- --enable-shared --enable-linker-build-id --libexecdir=/usr/lib --without-included-gettext --enable-threads=posix --libdir=/usr/lib --enable-nls --enable-bootstrap --enable-clocale=gnu --enable-libstdcxx-debug --enable-libstdcxx-time=yes --with-default-libstdcxx-abi=new --enable-gnu-unique-object --disable-libquadmath --disable-libquadmath-support --enable-plugin --enable-default-pie --with-system-zlib --enable-multiarch --enable-fix-cortex-a53-843419 --disable-werror --enable-checking=release --build=aarch64-linux-gnu --host=aarch64-linux-gnu --target=aarch64-linux-gnu
Thread model: posix
gcc version 7.5.0 (Ubuntu/Linaro 7.5.0-3ubuntu1~18.04) 
COMPILER_PATH=/usr/lib/gcc/aarch64-linux-gnu/7/:/usr/lib/gcc/aarch64-linux-gnu/7/:/usr/lib/gcc/aarch64-linux-gnu/:/usr/lib/gcc/aarch64-linux-gnu/7/:/usr/lib/gcc/aarch64-linux-gnu/
LIBRARY_PATH=/usr/lib/gcc/aarch64-linux-gnu/7/:/usr/lib/gcc/aarch64-linux-gnu/7/../../../aarch64-linux-gnu/:/usr/lib/gcc/aarch64-linux-gnu/7/../../../../lib/:/lib/aarch64-linux-gnu/:/lib/../lib/:/usr/lib/aarch64-linux-gnu/:/usr/lib/../lib/:/usr/lib/gcc/aarch64-linux-gnu/7/../../../:/lib/:/usr/lib/
COLLECT_GCC_OPTIONS='-v' '-rdynamic' '-o' 'cmTC_a7721' '-mlittle-endian' '-mabi=lp64'
 /usr/lib/gcc/aarch64-linux-gnu/7/collect2 -plugin /usr/lib/gcc/aarch64-linux-gnu/7/liblto_plugin.so -plugin-opt=/usr/lib/gcc/aarch64-linux-gnu/7/lto-wrapper -plugin-opt=-fresolution=/tmp/ccmlAmET.res -plugin-opt=-pass-through=-lgcc -plugin-opt=-pass-through=-lgcc_s -plugin-opt=-pass-through=-lc -plugin-opt=-pass-through=-lgcc -plugin-opt=-pass-through=-lgcc_s --build-id --eh-frame-hdr --hash-style=gnu --as-needed -export-dynamic -dynamic-linker /lib/ld-linux-aarch64.so.1 -X -EL -maarch64linux --fix-cortex-a53-843419 -pie -z now -z relro -o cmTC_a7721 /usr/lib/gcc/aarch64-linux-gnu/7/../../../aarch64-linux-gnu/Scrt1.o /usr/lib/gcc/aarch64-linux-gnu/7/../../../aarch64-linux-gnu/crti.o /usr/lib/gcc/aarch64-linux-gnu/7/crtbeginS.o -L/usr/lib/gcc/aarch64-linux-gnu/7 -L/usr/lib/gcc/aarch64-linux-gnu/7/../../../aarch64-linux-gnu -L/usr/lib/gcc/aarch64-linux-gnu/7/../../../../lib -L/lib/aarch64-linux-gnu -L/lib/../lib -L/usr/lib/aarch64-linux-gnu -L/usr/lib/../lib -L/usr/lib/gcc/aarch64-linux-gnu/7/../../.. CMakeFiles/cmTC_a7721.dir/CMakeCCompilerABI.c.o -lgcc --push-state --as-needed -lgcc_s --pop-state -lc -lgcc --push-state --as-needed -lgcc_s --pop-state /usr/lib/gcc/aarch64-linux-gnu/7/crtendS.o /usr/lib/gcc/aarch64-linux-gnu/7/../../../aarch64-linux-gnu/crtn.o
COLLECT_GCC_OPTIONS='-v' '-rdynamic' '-o' 'cmTC_a7721' '-mlittle-endian' '-mabi=lp64'
make[1]: Leaving directory '/home/unitree/lcm-1.4.0/build/CMakeFiles/CMakeTmp'


Parsed C implicit link information from above output:
  link line regex: [^( *|.*[/\])(ld|CMAKE_LINK_STARTFILE-NOTFOUND|([^/\]+-)?ld|collect2)[^/\]*( |$)]
  ignore line: [Change Dir: /home/unitree/lcm-1.4.0/build/CMakeFiles/CMakeTmp]
  ignore line: []
  ignore line: [Run Build Command:"/usr/bin/make" "cmTC_a7721/fast"]
  ignore line: [/usr/bin/make -f CMakeFiles/cmTC_a7721.dir/build.make CMakeFiles/cmTC_a7721.dir/build]
  ignore line: [make[1]: Entering directory '/home/unitree/lcm-1.4.0/build/CMakeFiles/CMakeTmp']
  ignore line: [Building C object CMakeFiles/cmTC_a7721.dir/CMakeCCompilerABI.c.o]
  ignore line: [/usr/bin/cc    -o CMakeFiles/cmTC_a7721.dir/CMakeCCompilerABI.c.o   -c /usr/share/cmake-3.10/Modules/CMakeCCompilerABI.c]
  ignore line: [Linking C executable cmTC_a7721]
  ignore line: [/usr/bin/cmake -E cmake_link_script CMakeFiles/cmTC_a7721.dir/link.txt --verbose=1]
  ignore line: [/usr/bin/cc     -v -rdynamic CMakeFiles/cmTC_a7721.dir/CMakeCCompilerABI.c.o  -o cmTC_a7721 ]
  ignore line: [Using built-in specs.]
  ignore line: [COLLECT_GCC=/usr/bin/cc]
  ignore line: [COLLECT_LTO_WRAPPER=/usr/lib/gcc/aarch64-linux-gnu/7/lto-wrapper]
  ignore line: [Target: aarch64-linux-gnu]
  ignore line: [Configured with: ../src/configure -v --with-pkgversion='Ubuntu/Linaro 7.5.0-3ubuntu1~18.04' --with-bugurl=file:///usr/share/doc/gcc-7/README.Bugs --enable-languages=c,ada,c++,go,d,fortran,objc,obj-c++ --prefix=/usr --with-gcc-major-version-only --program-suffix=-7 --program-prefix=aarch64-linux-gnu- --enable-shared --enable-linker-build-id --libexecdir=/usr/lib --without-included-gettext --enable-threads=posix --libdir=/usr/lib --enable-nls --enable-bootstrap --enable-clocale=gnu --enable-libstdcxx-debug --enable-libstdcxx-time=yes --with-default-libstdcxx-abi=new --enable-gnu-unique-object --disable-libquadmath --disable-libquadmath-support --enable-plugin --enable-default-pie --with-system-zlib --enable-multiarch --enable-fix-cortex-a53-843419 --disable-werror --enable-checking=release --build=aarch64-linux-gnu --host=aarch64-linux-gnu --target=aarch64-linux-gnu]
  ignore line: [Thread model: posix]
  ignore line: [gcc version 7.5.0 (Ubuntu/Linaro 7.5.0-3ubuntu1~18.04) ]
  ignore line: [COMPILER_PATH=/usr/lib/gcc/aarch64-linux-gnu/7/:/usr/lib/gcc/aarch64-linux-gnu/7/:/usr/lib/gcc/aarch64-linux-gnu/:/usr/lib/gcc/aarch64-linux-gnu/7/:/usr/lib/gcc/aarch64-linux-gnu/]
  ignore line: [LIBRARY_PATH=/usr/lib/gcc/aarch64-linux-gnu/7/:/usr/lib/gcc/aarch64-linux-gnu/7/../../../aarch64-linux-gnu/:/usr/lib/gcc/aarch64-linux-gnu/7/../../../../lib/:/lib/aarch64-linux-gnu/:/lib/../lib/:/usr/lib/aarch64-linux-gnu/:/usr/lib/../lib/:/usr/lib/gcc/aarch64-linux-gnu/7/../../../:/lib/:/usr/lib/]
  ignore line: [COLLECT_GCC_OPTIONS='-v' '-rdynamic' '-o' 'cmTC_a7721' '-mlittle-endian' '-mabi=lp64']
  link line: [ /usr/lib/gcc/aarch64-linux-gnu/7/collect2 -plugin /usr/lib/gcc/aarch64-linux-gnu/7/liblto_plugin.so -plugin-opt=/usr/lib/gcc/aarch64-linux-gnu/7/lto-wrapper -plugin-opt=-fresolution=/tmp/ccmlAmET.res -plugin-opt=-pass-through=-lgcc -plugin-opt=-pass-through=-lgcc_s -plugin-opt=-pass-through=-lc -plugin-opt=-pass-through=-lgcc -plugin-opt=-pass-through=-lgcc_s --build-id --eh-frame-hdr --hash-style=gnu --as-needed -export-dynamic -dynamic-linker /lib/ld-linux-aarch64.so.1 -X -EL -maarch64linux --fix-cortex-a53-843419 -pie -z now -z relro -o cmTC_a7721 /usr/lib/gcc/aarch64-linux-gnu/7/../../../aarch64-linux-gnu/Scrt1.o /usr/lib/gcc/aarch64-linux-gnu/7/../../../aarch64-linux-gnu/crti.o /usr/lib/gcc/aarch64-linux-gnu/7/crtbeginS.o -L/usr/lib/gcc/aarch64-linux-gnu/7 -L/usr/lib/gcc/aarch64-linux-gnu/7/../../../aarch64-linux-gnu -L/usr/lib/gcc/aarch64-linux-gnu/7/../../../../lib -L/lib/aarch64-linux-gnu -L/lib/../lib -L/usr/lib/aarch64-linux-gnu -L/usr/lib/../lib -L/usr/lib/gcc/aarch64-linux-gnu/7/../../.. CMakeFiles/cmTC_a7721.dir/CMakeCCompilerABI.c.o -lgcc --push-state --as-needed -lgcc_s --pop-state -lc -lgcc --push-state --as-needed -lgcc_s --pop-state /usr/lib/gcc/aarch64-linux-gnu/7/crtendS.o /usr/lib/gcc/aarch64-linux-gnu/7/../../../aarch64-linux-gnu/crtn.o]
    arg [/usr/lib/gcc/aarch64-linux-gnu/7/collect2] ==> ignore
    arg [-plugin] ==> ignore
    arg [/usr/lib/gcc/aarch64-linux-gnu/7/liblto_plugin.so] ==> ignore
    arg [-plugin-opt=/usr/lib/gcc/aarch64-linux-gnu/7/lto-wrapper] ==> ignore
    arg [-plugin-opt=-fresolution=/tmp/ccmlAmET.res] ==> ignore
    arg [-plugin-opt=-pass-through=-lgcc] ==> ignore
    arg [-plugin-opt=-pass-through=-lgcc_s] ==> ignore
    arg [-plugin-opt=-pass-through=-lc] ==> ignore
    arg [-plugin-opt=-pass-through=-lgcc] ==> ignore
    arg [-plugin-opt=-pass-through=-lgcc_s] ==> ignore
    arg [--build-id] ==> ignore
    arg [--eh-frame-hdr] ==> ignore
    arg [--hash-style=gnu] ==> ignore
    arg [--as-needed] ==> ignore
    arg [-export-dynamic] ==> ignore
    arg [-dynamic-linker] ==> ignore
    arg [/lib/ld-linux-aarch64.so.1] ==> ignore
    arg [-X] ==> ignore
    arg [-EL] ==> ignore
    arg [-maarch64linux] ==> ignore
    arg [--fix-cortex-a53-843419] ==> ignore
    arg [-pie] ==> ignore
    arg [-znow] ==> ignore
    arg [-zrelro] ==> ignore
    arg [-o] ==> ignore
    arg [cmTC_a7721] ==> ignore
    arg [/usr/lib/gcc/aarch64-linux-gnu/7/../../../aarch64-linux-gnu/Scrt1.o] ==> ignore
    arg [/usr/lib/gcc/aarch64-linux-gnu/7/../../../aarch64-linux-gnu/crti.o] ==> ignore
    arg [/usr/lib/gcc/aarch64-linux-gnu/7/crtbeginS.o] ==> ignore
    arg [-L/usr/lib/gcc/aarch64-linux-gnu/7] ==> dir [/usr/lib/gcc/aarch64-linux-gnu/7]
    arg [-L/usr/lib/gcc/aarch64-linux-gnu/7/../../../aarch64-linux-gnu] ==> dir [/usr/lib/gcc/aarch64-linux-gnu/7/../../../aarch64-linux-gnu]
    arg [-L/usr/lib/gcc/aarch64-linux-gnu/7/../../../../lib] ==> dir [/usr/lib/gcc/aarch64-linux-gnu/7/../../../../lib]
    arg [-L/lib/aarch64-linux-gnu] ==> dir [/lib/aarch64-linux-gnu]
    arg [-L/lib/../lib] ==> dir [/lib/../lib]
    arg [-L/usr/lib/aarch64-linux-gnu] ==> dir [/usr/lib/aarch64-linux-gnu]
    arg [-L/usr/lib/../lib] ==> dir [/usr/lib/../lib]
    arg [-L/usr/lib/gcc/aarch64-linux-gnu/7/../../..] ==> dir [/usr/lib/gcc/aarch64-linux-gnu/7/../../..]
    arg [CMakeFiles/cmTC_a7721.dir/CMakeCCompilerABI.c.o] ==> ignore
    arg [-lgcc] ==> lib [gcc]
    arg [--push-state] ==> ignore
    arg [--as-needed] ==> ignore
    arg [-lgcc_s] ==> lib [gcc_s]
    arg [--pop-state] ==> ignore
    arg [-lc] ==> lib [c]
    arg [-lgcc] ==> lib [gcc]
    arg [--push-state] ==> ignore
    arg [--as-needed] ==> ignore
    arg [-lgcc_s] ==> lib [gcc_s]
    arg [--pop-state] ==> ignore
    arg [/usr/lib/gcc/aarch64-linux-gnu/7/crtendS.o] ==> ignore
    arg [/usr/lib/gcc/aarch64-linux-gnu/7/../../../aarch64-linux-gnu/crtn.o] ==> ignore
  collapse library dir [/usr/lib/gcc/aarch64-linux-gnu/7] ==> [/usr/lib/gcc/aarch64-linux-gnu/7]
  collapse library dir [/usr/lib/gcc/aarch64-linux-gnu/7/../../../aarch64-linux-gnu] ==> [/usr/lib/aarch64-linux-gnu]
  collapse library dir [/usr/lib/gcc/aarch64-linux-gnu/7/../../../../lib] ==> [/usr/lib]
  collapse library dir [/lib/aarch64-linux-gnu] ==> [/lib/aarch64-linux-gnu]
  collapse library dir [/lib/../lib] ==> [/lib]
  collapse library dir [/usr/lib/aarch64-linux-gnu] ==> [/usr/lib/aarch64-linux-gnu]
  collapse library dir [/usr/lib/../lib] ==> [/usr/lib]
  collapse library dir [/usr/lib/gcc/aarch64-linux-gnu/7/../../..] ==> [/usr/lib]
  implicit libs: [gcc;gcc_s;c;gcc;gcc_s]
  implicit dirs: [/usr/lib/gcc/aarch64-linux-gnu/7;/usr/lib/aarch64-linux-gnu;/usr/lib;/lib/aarch64-linux-gnu;/lib]
  implicit fwks: []




Detecting C [-std=c11] compiler features compiled with the following output:
Change Dir: /home/unitree/lcm-1.4.0/build/CMakeFiles/CMakeTmp

Run Build Command:"/usr/bin/make" "cmTC_772b1/fast"
/usr/bin/make -f CMakeFiles/cmTC_772b1.dir/build.make CMakeFiles/cmTC_772b1.dir/build
make[1]: Entering directory '/home/unitree/lcm-1.4.0/build/CMakeFiles/CMakeTmp'
Building C object CMakeFiles/cmTC_772b1.dir/feature_tests.c.o
/usr/bin/cc   -std=c11 -o CMakeFiles/cmTC_772b1.dir/feature_tests.c.o   -c /home/unitree/lcm-1.4.0/build/CMakeFiles/feature_tests.c
Linking C executable cmTC_772b1
/usr/bin/cmake -E cmake_link_script CMakeFiles/cmTC_772b1.dir/link.txt --verbose=1
/usr/bin/cc      -rdynamic CMakeFiles/cmTC_772b1.dir/feature_tests.c.o  -o cmTC_772b1 
make[1]: Leaving directory '/home/unitree/lcm-1.4.0/build/CMakeFiles/CMakeTmp'


    Feature record: C_FEATURE:1c_function_prototypes
    Feature record: C_FEATURE:1c_restrict
    Feature record: C_FEATURE:1c_static_assert
    Feature record: C_FEATURE:1c_variadic_macros


Detecting C [-std=c99] compiler features compiled with the following output:
Change Dir: /home/unitree/lcm-1.4.0/build/CMakeFiles/CMakeTmp

Run Build Command:"/usr/bin/make" "cmTC_b81f2/fast"
/usr/bin/make -f CMakeFiles/cmTC_b81f2.dir/build.make CMakeFiles/cmTC_b81f2.dir/build
make[1]: Entering directory '/home/unitree/lcm-1.4.0/build/CMakeFiles/CMakeTmp'
Building C object CMakeFiles/cmTC_b81f2.dir/feature_tests.c.o
/usr/bin/cc   -std=c99 -o CMakeFiles/cmTC_b81f2.dir/feature_tests.c.o   -c /home/unitree/lcm-1.4.0/build/CMakeFiles/feature_tests.c
Linking C executable cmTC_b81f2
/usr/bin/cmake -E cmake_link_script CMakeFiles/cmTC_b81f2.dir/link.txt --verbose=1
/usr/bin/cc      -rdynamic CMakeFiles/cmTC_b81f2.dir/feature_tests.c.o  -o cmTC_b81f2 
make[1]: Leaving directory '/home/unitree/lcm-1.4.0/build/CMakeFiles/CMakeTmp'


    Feature record: C_FEATURE:1c_function_prototypes
    Feature record: C_FEATURE:1c_restrict
    Feature record: C_FEATURE:0c_static_assert
    Feature record: C_FEATURE:1c_variadic_macros


Detecting C [-std=c90] compiler features compiled with the following output:
Change Dir: /home/unitree/lcm-1.4.0/build/CMakeFiles/CMakeTmp

Run Build Command:"/usr/bin/make" "cmTC_cfa26/fast"
/usr/bin/make -f CMakeFiles/cmTC_cfa26.dir/build.make CMakeFiles/cmTC_cfa26.dir/build
make[1]: Entering directory '/home/unitree/lcm-1.4.0/build/CMakeFiles/CMakeTmp'
Building C object CMakeFiles/cmTC_cfa26.dir/feature_tests.c.o
/usr/bin/cc   -std=c90 -o CMakeFiles/cmTC_cfa26.dir/feature_tests.c.o   -c /home/unitree/lcm-1.4.0/build/CMakeFiles/feature_tests.c
Linking C executable cmTC_cfa26
/usr/bin/cmake -E cmake_link_script CMakeFiles/cmTC_cfa26.dir/link.txt --verbose=1
/usr/bin/cc      -rdynamic CMakeFiles/cmTC_cfa26.dir/feature_tests.c.o  -o cmTC_cfa26 
make[1]: Leaving directory '/home/unitree/lcm-1.4.0/build/CMakeFiles/CMakeTmp'


    Feature record: C_FEATURE:1c_function_prototypes
    Feature record: C_FEATURE:0c_restrict
    Feature record: C_FEATURE:0c_static_assert
    Feature record: C_FEATURE:0c_variadic_macros
Determining if the CXX compiler works passed with the following output:
Change Dir: /home/unitree/lcm-1.4.0/build/CMakeFiles/CMakeTmp

Run Build Command:"/usr/bin/make" "cmTC_a277d/fast"
/usr/bin/make -f CMakeFiles/cmTC_a277d.dir/build.make CMakeFiles/cmTC_a277d.dir/build
make[1]: Entering directory '/home/unitree/lcm-1.4.0/build/CMakeFiles/CMakeTmp'
Building CXX object CMakeFiles/cmTC_a277d.dir/testCXXCompiler.cxx.o
/usr/bin/c++     -o CMakeFiles/cmTC_a277d.dir/testCXXCompiler.cxx.o -c /home/unitree/lcm-1.4.0/build/CMakeFiles/CMakeTmp/testCXXCompiler.cxx
Linking CXX executable cmTC_a277d
/usr/bin/cmake -E cmake_link_script CMakeFiles/cmTC_a277d.dir/link.txt --verbose=1
/usr/bin/c++       -rdynamic CMakeFiles/cmTC_a277d.dir/testCXXCompiler.cxx.o  -o cmTC_a277d 
make[1]: Leaving directory '/home/unitree/lcm-1.4.0/build/CMakeFiles/CMakeTmp'


Detecting CXX compiler ABI info compiled with the following output:
Change Dir: /home/unitree/lcm-1.4.0/build/CMakeFiles/CMakeTmp

Run Build Command:"/usr/bin/make" "cmTC_05fca/fast"
/usr/bin/make -f CMakeFiles/cmTC_05fca.dir/build.make CMakeFiles/cmTC_05fca.dir/build
make[1]: Entering directory '/home/unitree/lcm-1.4.0/build/CMakeFiles/CMakeTmp'
Building CXX object CMakeFiles/cmTC_05fca.dir/CMakeCXXCompilerABI.cpp.o
/usr/bin/c++     -o CMakeFiles/cmTC_05fca.dir/CMakeCXXCompilerABI.cpp.o -c /usr/share/cmake-3.10/Modules/CMakeCXXCompilerABI.cpp
Linking CXX executable cmTC_05fca
/usr/bin/cmake -E cmake_link_script CMakeFiles/cmTC_05fca.dir/link.txt --verbose=1
/usr/bin/c++      -v -rdynamic CMakeFiles/cmTC_05fca.dir/CMakeCXXCompilerABI.cpp.o  -o cmTC_05fca 
Using built-in specs.
COLLECT_GCC=/usr/bin/c++
COLLECT_LTO_WRAPPER=/usr/lib/gcc/aarch64-linux-gnu/7/lto-wrapper
Target: aarch64-linux-gnu
Configured with: ../src/configure -v --with-pkgversion='Ubuntu/Linaro 7.5.0-3ubuntu1~18.04' --with-bugurl=file:///usr/share/doc/gcc-7/README.Bugs --enable-languages=c,ada,c++,go,d,fortran,objc,obj-c++ --prefix=/usr --with-gcc-major-version-only --program-suffix=-7 --program-prefix=aarch64-linux-gnu- --enable-shared --enable-linker-build-id --libexecdir=/usr/lib --without-included-gettext --enable-threads=posix --libdir=/usr/lib --enable-nls --enable-bootstrap --enable-clocale=gnu --enable-libstdcxx-debug --enable-libstdcxx-time=yes --with-default-libstdcxx-abi=new --enable-gnu-unique-object --disable-libquadmath --disable-libquadmath-support --enable-plugin --enable-default-pie --with-system-zlib --enable-multiarch --enable-fix-cortex-a53-843419 --disable-werror --enable-checking=release --build=aarch64-linux-gnu --host=aarch64-linux-gnu --target=aarch64-linux-gnu
Thread model: posix
gcc version 7.5.0 (Ubuntu/Linaro 7.5.0-3ubuntu1~18.04) 
COMPILER_PATH=/usr/lib/gcc/aarch64-linux-gnu/7/:/usr/lib/gcc/aarch64-linux-gnu/7/:/usr/lib/gcc/aarch64-linux-gnu/:/usr/lib/gcc/aarch64-linux-gnu/7/:/usr/lib/gcc/aarch64-linux-gnu/
LIBRARY_PATH=/usr/lib/gcc/aarch64-linux-gnu/7/:/usr/lib/gcc/aarch64-linux-gnu/7/../../../aarch64-linux-gnu/:/usr/lib/gcc/aarch64-linux-gnu/7/../../../../lib/:/lib/aarch64-linux-gnu/:/lib/../lib/:/usr/lib/aarch64-linux-gnu/:/usr/lib/../lib/:/usr/lib/gcc/aarch64-linux-gnu/7/../../../:/lib/:/usr/lib/
COLLECT_GCC_OPTIONS='-v' '-rdynamic' '-o' 'cmTC_05fca' '-shared-libgcc' '-mlittle-endian' '-mabi=lp64'
 /usr/lib/gcc/aarch64-linux-gnu/7/collect2 -plugin /usr/lib/gcc/aarch64-linux-gnu/7/liblto_plugin.so -plugin-opt=/usr/lib/gcc/aarch64-linux-gnu/7/lto-wrapper -plugin-opt=-fresolution=/tmp/ccyOG2I6.res -plugin-opt=-pass-through=-lgcc_s -plugin-opt=-pass-through=-lgcc -plugin-opt=-pass-through=-lc -plugin-opt=-pass-through=-lgcc_s -plugin-opt=-pass-through=-lgcc --build-id --eh-frame-hdr --hash-style=gnu --as-needed -export-dynamic -dynamic-linker /lib/ld-linux-aarch64.so.1 -X -EL -maarch64linux --fix-cortex-a53-843419 -pie -z now -z relro -o cmTC_05fca /usr/lib/gcc/aarch64-linux-gnu/7/../../../aarch64-linux-gnu/Scrt1.o /usr/lib/gcc/aarch64-linux-gnu/7/../../../aarch64-linux-gnu/crti.o /usr/lib/gcc/aarch64-linux-gnu/7/crtbeginS.o -L/usr/lib/gcc/aarch64-linux-gnu/7 -L/usr/lib/gcc/aarch64-linux-gnu/7/../../../aarch64-linux-gnu -L/usr/lib/gcc/aarch64-linux-gnu/7/../../../../lib -L/lib/aarch64-linux-gnu -L/lib/../lib -L/usr/lib/aarch64-linux-gnu -L/usr/lib/../lib -L/usr/lib/gcc/aarch64-linux-gnu/7/../../.. CMakeFiles/cmTC_05fca.dir/CMakeCXXCompilerABI.cpp.o -lstdc++ -lm -lgcc_s -lgcc -lc -lgcc_s -lgcc /usr/lib/gcc/aarch64-linux-gnu/7/crtendS.o /usr/lib/gcc/aarch64-linux-gnu/7/../../../aarch64-linux-gnu/crtn.o
COLLECT_GCC_OPTIONS='-v' '-rdynamic' '-o' 'cmTC_05fca' '-shared-libgcc' '-mlittle-endian' '-mabi=lp64'
make[1]: Leaving directory '/home/unitree/lcm-1.4.0/build/CMakeFiles/CMakeTmp'


Parsed CXX implicit link information from above output:
  link line regex: [^( *|.*[/\])(ld|CMAKE_LINK_STARTFILE-NOTFOUND|([^/\]+-)?ld|collect2)[^/\]*( |$)]
  ignore line: [Change Dir: /home/unitree/lcm-1.4.0/build/CMakeFiles/CMakeTmp]
  ignore line: []
  ignore line: [Run Build Command:"/usr/bin/make" "cmTC_05fca/fast"]
  ignore line: [/usr/bin/make -f CMakeFiles/cmTC_05fca.dir/build.make CMakeFiles/cmTC_05fca.dir/build]
  ignore line: [make[1]: Entering directory '/home/unitree/lcm-1.4.0/build/CMakeFiles/CMakeTmp']
  ignore line: [Building CXX object CMakeFiles/cmTC_05fca.dir/CMakeCXXCompilerABI.cpp.o]
  ignore line: [/usr/bin/c++     -o CMakeFiles/cmTC_05fca.dir/CMakeCXXCompilerABI.cpp.o -c /usr/share/cmake-3.10/Modules/CMakeCXXCompilerABI.cpp]
  ignore line: [Linking CXX executable cmTC_05fca]
  ignore line: [/usr/bin/cmake -E cmake_link_script CMakeFiles/cmTC_05fca.dir/link.txt --verbose=1]
  ignore line: [/usr/bin/c++      -v -rdynamic CMakeFiles/cmTC_05fca.dir/CMakeCXXCompilerABI.cpp.o  -o cmTC_05fca ]
  ignore line: [Using built-in specs.]
  ignore line: [COLLECT_GCC=/usr/bin/c++]
  ignore line: [COLLECT_LTO_WRAPPER=/usr/lib/gcc/aarch64-linux-gnu/7/lto-wrapper]
  ignore line: [Target: aarch64-linux-gnu]
  ignore line: [Configured with: ../src/configure -v --with-pkgversion='Ubuntu/Linaro 7.5.0-3ubuntu1~18.04' --with-bugurl=file:///usr/share/doc/gcc-7/README.Bugs --enable-languages=c,ada,c++,go,d,fortran,objc,obj-c++ --prefix=/usr --with-gcc-major-version-only --program-suffix=-7 --program-prefix=aarch64-linux-gnu- --enable-shared --enable-linker-build-id --libexecdir=/usr/lib --without-included-gettext --enable-threads=posix --libdir=/usr/lib --enable-nls --enable-bootstrap --enable-clocale=gnu --enable-libstdcxx-debug --enable-libstdcxx-time=yes --with-default-libstdcxx-abi=new --enable-gnu-unique-object --disable-libquadmath --disable-libquadmath-support --enable-plugin --enable-default-pie --with-system-zlib --enable-multiarch --enable-fix-cortex-a53-843419 --disable-werror --enable-checking=release --build=aarch64-linux-gnu --host=aarch64-linux-gnu --target=aarch64-linux-gnu]
  ignore line: [Thread model: posix]
  ignore line: [gcc version 7.5.0 (Ubuntu/Linaro 7.5.0-3ubuntu1~18.04) ]
  ignore line: [COMPILER_PATH=/usr/lib/gcc/aarch64-linux-gnu/7/:/usr/lib/gcc/aarch64-linux-gnu/7/:/usr/lib/gcc/aarch64-linux-gnu/:/usr/lib/gcc/aarch64-linux-gnu/7/:/usr/lib/gcc/aarch64-linux-gnu/]
  ignore line: [LIBRARY_PATH=/usr/lib/gcc/aarch64-linux-gnu/7/:/usr/lib/gcc/aarch64-linux-gnu/7/../../../aarch64-linux-gnu/:/usr/lib/gcc/aarch64-linux-gnu/7/../../../../lib/:/lib/aarch64-linux-gnu/:/lib/../lib/:/usr/lib/aarch64-linux-gnu/:/usr/lib/../lib/:/usr/lib/gcc/aarch64-linux-gnu/7/../../../:/lib/:/usr/lib/]
  ignore line: [COLLECT_GCC_OPTIONS='-v' '-rdynamic' '-o' 'cmTC_05fca' '-shared-libgcc' '-mlittle-endian' '-mabi=lp64']
  link line: [ /usr/lib/gcc/aarch64-linux-gnu/7/collect2 -plugin /usr/lib/gcc/aarch64-linux-gnu/7/liblto_plugin.so -plugin-opt=/usr/lib/gcc/aarch64-linux-gnu/7/lto-wrapper -plugin-opt=-fresolution=/tmp/ccyOG2I6.res -plugin-opt=-pass-through=-lgcc_s -plugin-opt=-pass-through=-lgcc -plugin-opt=-pass-through=-lc -plugin-opt=-pass-through=-lgcc_s -plugin-opt=-pass-through=-lgcc --build-id --eh-frame-hdr --hash-style=gnu --as-needed -export-dynamic -dynamic-linker /lib/ld-linux-aarch64.so.1 -X -EL -maarch64linux --fix-cortex-a53-843419 -pie -z now -z relro -o cmTC_05fca /usr/lib/gcc/aarch64-linux-gnu/7/../../../aarch64-linux-gnu/Scrt1.o /usr/lib/gcc/aarch64-linux-gnu/7/../../../aarch64-linux-gnu/crti.o /usr/lib/gcc/aarch64-linux-gnu/7/crtbeginS.o -L/usr/lib/gcc/aarch64-linux-gnu/7 -L/usr/lib/gcc/aarch64-linux-gnu/7/../../../aarch64-linux-gnu -L/usr/lib/gcc/aarch64-linux-gnu/7/../../../../lib -L/lib/aarch64-linux-gnu -L/lib/../lib -L/usr/lib/aarch64-linux-gnu -L/usr/lib/../lib -L/usr/lib/gcc/aarch64-linux-gnu/7/../../.. CMakeFiles/cmTC_05fca.dir/CMakeCXXCompilerABI.cpp.o -lstdc++ -lm -lgcc_s -lgcc -lc -lgcc_s -lgcc /usr/lib/gcc/aarch64-linux-gnu/7/crtendS.o /usr/lib/gcc/aarch64-linux-gnu/7/../../../aarch64-linux-gnu/crtn.o]
    arg [/usr/lib/gcc/aarch64-linux-gnu/7/collect2] ==> ignore
    arg [-plugin] ==> ignore
    arg [/usr/lib/gcc/aarch64-linux-gnu/7/liblto_plugin.so] ==> ignore
    arg [-plugin-opt=/usr/lib/gcc/aarch64-linux-gnu/7/lto-wrapper] ==> ignore
    arg [-plugin-opt=-fresolution=/tmp/ccyOG2I6.res] ==> ignore
    arg [-plugin-opt=-pass-through=-lgcc_s] ==> ignore
    arg [-plugin-opt=-pass-through=-lgcc] ==> ignore
    arg [-plugin-opt=-pass-through=-lc] ==> ignore
    arg [-plugin-opt=-pass-through=-lgcc_s] ==> ignore
    arg [-plugin-opt=-pass-through=-lgcc] ==> ignore
    arg [--build-id] ==> ignore
    arg [--eh-frame-hdr] ==> ignore
    arg [--hash-style=gnu] ==> ignore
    arg [--as-needed] ==> ignore
    arg [-export-dynamic] ==> ignore
    arg [-dynamic-linker] ==> ignore
    arg [/lib/ld-linux-aarch64.so.1] ==> ignore
    arg [-X] ==> ignore
    arg [-EL] ==> ignore
    arg [-maarch64linux] ==> ignore
    arg [--fix-cortex-a53-843419] ==> ignore
    arg [-pie] ==> ignore
    arg [-znow] ==> ignore
    arg [-zrelro] ==> ignore
    arg [-o] ==> ignore
    arg [cmTC_05fca] ==> ignore
    arg [/usr/lib/gcc/aarch64-linux-gnu/7/../../../aarch64-linux-gnu/Scrt1.o] ==> ignore
    arg [/usr/lib/gcc/aarch64-linux-gnu/7/../../../aarch64-linux-gnu/crti.o] ==> ignore
    arg [/usr/lib/gcc/aarch64-linux-gnu/7/crtbeginS.o] ==> ignore
    arg [-L/usr/lib/gcc/aarch64-linux-gnu/7] ==> dir [/usr/lib/gcc/aarch64-linux-gnu/7]
    arg [-L/usr/lib/gcc/aarch64-linux-gnu/7/../../../aarch64-linux-gnu] ==> dir [/usr/lib/gcc/aarch64-linux-gnu/7/../../../aarch64-linux-gnu]
    arg [-L/usr/lib/gcc/aarch64-linux-gnu/7/../../../../lib] ==> dir [/usr/lib/gcc/aarch64-linux-gnu/7/../../../../lib]
    arg [-L/lib/aarch64-linux-gnu] ==> dir [/lib/aarch64-linux-gnu]
    arg [-L/lib/../lib] ==> dir [/lib/../lib]
    arg [-L/usr/lib/aarch64-linux-gnu] ==> dir [/usr/lib/aarch64-linux-gnu]
    arg [-L/usr/lib/../lib] ==> dir [/usr/lib/../lib]
    arg [-L/usr/lib/gcc/aarch64-linux-gnu/7/../../..] ==> dir [/usr/lib/gcc/aarch64-linux-gnu/7/../../..]
    arg [CMakeFiles/cmTC_05fca.dir/CMakeCXXCompilerABI.cpp.o] ==> ignore
    arg [-lstdc++] ==> lib [stdc++]
    arg [-lm] ==> lib [m]
    arg [-lgcc_s] ==> lib [gcc_s]
    arg [-lgcc] ==> lib [gcc]
    arg [-lc] ==> lib [c]
    arg [-lgcc_s] ==> lib [gcc_s]
    arg [-lgcc] ==> lib [gcc]
    arg [/usr/lib/gcc/aarch64-linux-gnu/7/crtendS.o] ==> ignore
    arg [/usr/lib/gcc/aarch64-linux-gnu/7/../../../aarch64-linux-gnu/crtn.o] ==> ignore
  collapse library dir [/usr/lib/gcc/aarch64-linux-gnu/7] ==> [/usr/lib/gcc/aarch64-linux-gnu/7]
  collapse library dir [/usr/lib/gcc/aarch64-linux-gnu/7/../../../aarch64-linux-gnu] ==> [/usr/lib/aarch64-linux-gnu]
  collapse library dir [/usr/lib/gcc/aarch64-linux-gnu/7/../../../../lib] ==> [/usr/lib]
  collapse library dir [/lib/aarch64-linux-gnu] ==> [/lib/aarch64-linux-gnu]
  collapse library dir [/lib/../lib] ==> [/lib]
  collapse library dir [/usr/lib/aarch64-linux-gnu] ==> [/usr/lib/aarch64-linux-gnu]
  collapse library dir [/usr/lib/../lib] ==> [/usr/lib]
  collapse library dir [/usr/lib/gcc/aarch64-linux-gnu/7/../../..] ==> [/usr/lib]
  implicit libs: [stdc++;m;gcc_s;gcc;c;gcc_s;gcc]
  implicit dirs: [/usr/lib/gcc/aarch64-linux-gnu/7;/usr/lib/aarch64-linux-gnu;/usr/lib;/lib/aarch64-linux-gnu;/lib]
  implicit fwks: []




Detecting CXX [-std=c++1z] compiler features compiled with the following output:
Change Dir: /home/unitree/lcm-1.4.0/build/CMakeFiles/CMakeTmp

Run Build Command:"/usr/bin/make" "cmTC_903e1/fast"
/usr/bin/make -f CMakeFiles/cmTC_903e1.dir/build.make CMakeFiles/cmTC_903e1.dir/build
make[1]: Entering directory '/home/unitree/lcm-1.4.0/build/CMakeFiles/CMakeTmp'
Building CXX object CMakeFiles/cmTC_903e1.dir/feature_tests.cxx.o
/usr/bin/c++    -std=c++1z -o CMakeFiles/cmTC_903e1.dir/feature_tests.cxx.o -c /home/unitree/lcm-1.4.0/build/CMakeFiles/feature_tests.cxx
Linking CXX executable cmTC_903e1
/usr/bin/cmake -E cmake_link_script CMakeFiles/cmTC_903e1.dir/link.txt --verbose=1
/usr/bin/c++       -rdynamic CMakeFiles/cmTC_903e1.dir/feature_tests.cxx.o  -o cmTC_903e1 
make[1]: Leaving directory '/home/unitree/lcm-1.4.0/build/CMakeFiles/CMakeTmp'


    Feature record: CXX_FEATURE:1cxx_aggregate_default_initializers
    Feature record: CXX_FEATURE:1cxx_alias_templates
    Feature record: CXX_FEATURE:1cxx_alignas
    Feature record: CXX_FEATURE:1cxx_alignof
    Feature record: CXX_FEATURE:1cxx_attributes
    Feature record: CXX_FEATURE:1cxx_attribute_deprecated
    Feature record: CXX_FEATURE:1cxx_auto_type
    Feature record: CXX_FEATURE:1cxx_binary_literals
    Feature record: CXX_FEATURE:1cxx_constexpr
    Feature record: CXX_FEATURE:1cxx_contextual_conversions
    Feature record: CXX_FEATURE:1cxx_decltype
    Feature record: CXX_FEATURE:1cxx_decltype_auto
    Feature record: CXX_FEATURE:1cxx_decltype_incomplete_return_types
    Feature record: CXX_FEATURE:1cxx_default_function_template_args
    Feature record: CXX_FEATURE:1cxx_defaulted_functions
    Feature record: CXX_FEATURE:1cxx_defaulted_move_initializers
    Feature record: CXX_FEATURE:1cxx_delegating_constructors
    Feature record: CXX_FEATURE:1cxx_deleted_functions
    Feature record: CXX_FEATURE:1cxx_digit_separators
    Feature record: CXX_FEATURE:1cxx_enum_forward_declarations
    Feature record: CXX_FEATURE:1cxx_explicit_conversions
    Feature record: CXX_FEATURE:1cxx_extended_friend_declarations
    Feature record: CXX_FEATURE:1cxx_extern_templates
    Feature record: CXX_FEATURE:1cxx_final
    Feature record: CXX_FEATURE:1cxx_func_identifier
    Feature record: CXX_FEATURE:1cxx_generalized_initializers
    Feature record: CXX_FEATURE:1cxx_generic_lambdas
    Feature record: CXX_FEATURE:1cxx_inheriting_constructors
    Feature record: CXX_FEATURE:1cxx_inline_namespaces
    Feature record: CXX_FEATURE:1cxx_lambdas
    Feature record: CXX_FEATURE:1cxx_lambda_init_captures
    Feature record: CXX_FEATURE:1cxx_local_type_template_args
    Feature record: CXX_FEATURE:1cxx_long_long_type
    Feature record: CXX_FEATURE:1cxx_noexcept
    Feature record: CXX_FEATURE:1cxx_nonstatic_member_init
    Feature record: CXX_FEATURE:1cxx_nullptr
    Feature record: CXX_FEATURE:1cxx_override
    Feature record: CXX_FEATURE:1cxx_range_for
    Feature record: CXX_FEATURE:1cxx_raw_string_literals
    Feature record: CXX_FEATURE:1cxx_reference_qualified_functions
    Feature record: CXX_FEATURE:1cxx_relaxed_constexpr
    Feature record: CXX_FEATURE:1cxx_return_type_deduction
    Feature record: CXX_FEATURE:1cxx_right_angle_brackets
    Feature record: CXX_FEATURE:1cxx_rvalue_references
    Feature record: CXX_FEATURE:1cxx_sizeof_member
    Feature record: CXX_FEATURE:1cxx_static_assert
    Feature record: CXX_FEATURE:1cxx_strong_enums
    Feature record: CXX_FEATURE:1cxx_template_template_parameters
    Feature record: CXX_FEATURE:1cxx_thread_local
    Feature record: CXX_FEATURE:1cxx_trailing_return_types
    Feature record: CXX_FEATURE:1cxx_unicode_literals
    Feature record: CXX_FEATURE:1cxx_uniform_initialization
    Feature record: CXX_FEATURE:1cxx_unrestricted_unions
    Feature record: CXX_FEATURE:1cxx_user_literals
    Feature record: CXX_FEATURE:1cxx_variable_templates
    Feature record: CXX_FEATURE:1cxx_variadic_macros
    Feature record: CXX_FEATURE:1cxx_variadic_templates


Detecting CXX [-std=c++14] compiler features compiled with the following output:
Change Dir: /home/unitree/lcm-1.4.0/build/CMakeFiles/CMakeTmp

Run Build Command:"/usr/bin/make" "cmTC_cec32/fast"
/usr/bin/make -f CMakeFiles/cmTC_cec32.dir/build.make CMakeFiles/cmTC_cec32.dir/build
make[1]: Entering directory '/home/unitree/lcm-1.4.0/build/CMakeFiles/CMakeTmp'
Building CXX object CMakeFiles/cmTC_cec32.dir/feature_tests.cxx.o
/usr/bin/c++    -std=c++14 -o CMakeFiles/cmTC_cec32.dir/feature_tests.cxx.o -c /home/unitree/lcm-1.4.0/build/CMakeFiles/feature_tests.cxx
Linking CXX executable cmTC_cec32
/usr/bin/cmake -E cmake_link_script CMakeFiles/cmTC_cec32.dir/link.txt --verbose=1
/usr/bin/c++       -rdynamic CMakeFiles/cmTC_cec32.dir/feature_tests.cxx.o  -o cmTC_cec32 
make[1]: Leaving directory '/home/unitree/lcm-1.4.0/build/CMakeFiles/CMakeTmp'


    Feature record: CXX_FEATURE:1cxx_aggregate_default_initializers
    Feature record: CXX_FEATURE:1cxx_alias_templates
    Feature record: CXX_FEATURE:1cxx_alignas
    Feature record: CXX_FEATURE:1cxx_alignof
    Feature record: CXX_FEATURE:1cxx_attributes
    Feature record: CXX_FEATURE:1cxx_attribute_deprecated
    Feature record: CXX_FEATURE:1cxx_auto_type
    Feature record: CXX_FEATURE:1cxx_binary_literals
    Feature record: CXX_FEATURE:1cxx_constexpr
    Feature record: CXX_FEATURE:1cxx_contextual_conversions
    Feature record: CXX_FEATURE:1cxx_decltype
    Feature record: CXX_FEATURE:1cxx_decltype_auto
    Feature record: CXX_FEATURE:1cxx_decltype_incomplete_return_types
    Feature record: CXX_FEATURE:1cxx_default_function_template_args
    Feature record: CXX_FEATURE:1cxx_defaulted_functions
    Feature record: CXX_FEATURE:1cxx_defaulted_move_initializers
    Feature record: CXX_FEATURE:1cxx_delegating_constructors
    Feature record: CXX_FEATURE:1cxx_deleted_functions
    Feature record: CXX_FEATURE:1cxx_digit_separators
    Feature record: CXX_FEATURE:1cxx_enum_forward_declarations
    Feature record: CXX_FEATURE:1cxx_explicit_conversions
    Feature record: CXX_FEATURE:1cxx_extended_friend_declarations
    Feature record: CXX_FEATURE:1cxx_extern_templates
    Feature record: CXX_FEATURE:1cxx_final
    Feature record: CXX_FEATURE:1cxx_func_identifier
    Feature record: CXX_FEATURE:1cxx_generalized_initializers
    Feature record: CXX_FEATURE:1cxx_generic_lambdas
    Feature record: CXX_FEATURE:1cxx_inheriting_constructors
    Feature record: CXX_FEATURE:1cxx_inline_namespaces
    Feature record: CXX_FEATURE:1cxx_lambdas
    Feature record: CXX_FEATURE:1cxx_lambda_init_captures
    Feature record: CXX_FEATURE:1cxx_local_type_template_args
    Feature record: CXX_FEATURE:1cxx_long_long_type
    Feature record: CXX_FEATURE:1cxx_noexcept
    Feature record: CXX_FEATURE:1cxx_nonstatic_member_init
    Feature record: CXX_FEATURE:1cxx_nullptr
    Feature record: CXX_FEATURE:1cxx_override
    Feature record: CXX_FEATURE:1cxx_range_for
    Feature record: CXX_FEATURE:1cxx_raw_string_literals
    Feature record: CXX_FEATURE:1cxx_reference_qualified_functions
    Feature record: CXX_FEATURE:1cxx_relaxed_constexpr
    Feature record: CXX_FEATURE:1cxx_return_type_deduction
    Feature record: CXX_FEATURE:1cxx_right_angle_brackets
    Feature record: CXX_FEATURE:1cxx_rvalue_references
    Feature record: CXX_FEATURE:1cxx_sizeof_member
    Feature record: CXX_FEATURE:1cxx_static_assert
    Feature record: CXX_FEATURE:1cxx_strong_enums
    Feature record: CXX_FEATURE:1cxx_template_template_parameters
    Feature record: CXX_FEATURE:1cxx_thread_local
    Feature record: CXX_FEATURE:1cxx_trailing_return_types
    Feature record: CXX_FEATURE:1cxx_unicode_literals
    Feature record: CXX_FEATURE:1cxx_uniform_initialization
    Feature record: CXX_FEATURE:1cxx_unrestricted_unions
    Feature record: CXX_FEATURE:1cxx_user_literals
    Feature record: CXX_FEATURE:1cxx_variable_templates
    Feature record: CXX_FEATURE:1cxx_variadic_macros
    Feature record: CXX_FEATURE:1cxx_variadic_templates


Detecting CXX [-std=c++11] compiler features compiled with the following output:
Change Dir: /home/unitree/lcm-1.4.0/build/CMakeFiles/CMakeTmp

Run Build Command:"/usr/bin/make" "cmTC_5ccdc/fast"
/usr/bin/make -f CMakeFiles/cmTC_5ccdc.dir/build.make CMakeFiles/cmTC_5ccdc.dir/build
make[1]: Entering directory '/home/unitree/lcm-1.4.0/build/CMakeFiles/CMakeTmp'
Building CXX object CMakeFiles/cmTC_5ccdc.dir/feature_tests.cxx.o
/usr/bin/c++    -std=c++11 -o CMakeFiles/cmTC_5ccdc.dir/feature_tests.cxx.o -c /home/unitree/lcm-1.4.0/build/CMakeFiles/feature_tests.cxx
Linking CXX executable cmTC_5ccdc
/usr/bin/cmake -E cmake_link_script CMakeFiles/cmTC_5ccdc.dir/link.txt --verbose=1
/usr/bin/c++       -rdynamic CMakeFiles/cmTC_5ccdc.dir/feature_tests.cxx.o  -o cmTC_5ccdc 
make[1]: Leaving directory '/home/unitree/lcm-1.4.0/build/CMakeFiles/CMakeTmp'


    Feature record: CXX_FEATURE:0cxx_aggregate_default_initializers
    Feature record: CXX_FEATURE:1cxx_alias_templates
    Feature record: CXX_FEATURE:1cxx_alignas
    Feature record: CXX_FEATURE:1cxx_alignof
    Feature record: CXX_FEATURE:1cxx_attributes
    Feature record: CXX_FEATURE:0cxx_attribute_deprecated
    Feature record: CXX_FEATURE:1cxx_auto_type
    Feature record: CXX_FEATURE:0cxx_binary_literals
    Feature record: CXX_FEATURE:1cxx_constexpr
    Feature record: CXX_FEATURE:0cxx_contextual_conversions
    Feature record: CXX_FEATURE:1cxx_decltype
    Feature record: CXX_FEATURE:0cxx_decltype_auto
    Feature record: CXX_FEATURE:1cxx_decltype_incomplete_return_types
    Feature record: CXX_FEATURE:1cxx_default_function_template_args
    Feature record: CXX_FEATURE:1cxx_defaulted_functions
    Feature record: CXX_FEATURE:1cxx_defaulted_move_initializers
    Feature record: CXX_FEATURE:1cxx_delegating_constructors
    Feature record: CXX_FEATURE:1cxx_deleted_functions
    Feature record: CXX_FEATURE:0cxx_digit_separators
    Feature record: CXX_FEATURE:1cxx_enum_forward_declarations
    Feature record: CXX_FEATURE:1cxx_explicit_conversions
    Feature record: CXX_FEATURE:1cxx_extended_friend_declarations
    Feature record: CXX_FEATURE:1cxx_extern_templates
    Feature record: CXX_FEATURE:1cxx_final
    Feature record: CXX_FEATURE:1cxx_func_identifier
    Feature record: CXX_FEATURE:1cxx_generalized_initializers
    Feature record: CXX_FEATURE:0cxx_generic_lambdas
    Feature record: CXX_FEATURE:1cxx_inheriting_constructors
    Feature record: CXX_FEATURE:1cxx_inline_namespaces
    Feature record: CXX_FEATURE:1cxx_lambdas
    Feature record: CXX_FEATURE:0cxx_lambda_init_captures
    Feature record: CXX_FEATURE:1cxx_local_type_template_args
    Feature record: CXX_FEATURE:1cxx_long_long_type
    Feature record: CXX_FEATURE:1cxx_noexcept
    Feature record: CXX_FEATURE:1cxx_nonstatic_member_init
    Feature record: CXX_FEATURE:1cxx_nullptr
    Feature record: CXX_FEATURE:1cxx_override
    Feature record: CXX_FEATURE:1cxx_range_for
    Feature record: CXX_FEATURE:1cxx_raw_string_literals
    Feature record: CXX_FEATURE:1cxx_reference_qualified_functions
    Feature record: CXX_FEATURE:0cxx_relaxed_constexpr
    Feature record: CXX_FEATURE:0cxx_return_type_deduction
    Feature record: CXX_FEATURE:1cxx_right_angle_brackets
    Feature record: CXX_FEATURE:1cxx_rvalue_references
    Feature record: CXX_FEATURE:1cxx_sizeof_member
    Feature record: CXX_FEATURE:1cxx_static_assert
    Feature record: CXX_FEATURE:1cxx_strong_enums
    Feature record: CXX_FEATURE:1cxx_template_template_parameters
    Feature record: CXX_FEATURE:1cxx_thread_local
    Feature record: CXX_FEATURE:1cxx_trailing_return_types
    Feature record: CXX_FEATURE:1cxx_unicode_literals
    Feature record: CXX_FEATURE:1cxx_uniform_initialization
    Feature record: CXX_FEATURE:1cxx_unrestricted_unions
    Feature record: CXX_FEATURE:1cxx_user_literals
    Feature record: CXX_FEATURE:0cxx_variable_templates
    Feature record: CXX_FEATURE:1cxx_variadic_macros
    Feature record: CXX_FEATURE:1cxx_variadic_templates


Detecting CXX [-std=c++98] compiler features compiled with the following output:
Change Dir: /home/unitree/lcm-1.4.0/build/CMakeFiles/CMakeTmp

Run Build Command:"/usr/bin/make" "cmTC_808df/fast"
/usr/bin/make -f CMakeFiles/cmTC_808df.dir/build.make CMakeFiles/cmTC_808df.dir/build
make[1]: Entering directory '/home/unitree/lcm-1.4.0/build/CMakeFiles/CMakeTmp'
Building CXX object CMakeFiles/cmTC_808df.dir/feature_tests.cxx.o
/usr/bin/c++    -std=c++98 -o CMakeFiles/cmTC_808df.dir/feature_tests.cxx.o -c /home/unitree/lcm-1.4.0/build/CMakeFiles/feature_tests.cxx
Linking CXX executable cmTC_808df
/usr/bin/cmake -E cmake_link_script CMakeFiles/cmTC_808df.dir/link.txt --verbose=1
/usr/bin/c++       -rdynamic CMakeFiles/cmTC_808df.dir/feature_tests.cxx.o  -o cmTC_808df 
make[1]: Leaving directory '/home/unitree/lcm-1.4.0/build/CMakeFiles/CMakeTmp'


    Feature record: CXX_FEATURE:0cxx_aggregate_default_initializers
    Feature record: CXX_FEATURE:0cxx_alias_templates
    Feature record: CXX_FEATURE:0cxx_alignas
    Feature record: CXX_FEATURE:0cxx_alignof
    Feature record: CXX_FEATURE:0cxx_attributes
    Feature record: CXX_FEATURE:0cxx_attribute_deprecated
    Feature record: CXX_FEATURE:0cxx_auto_type
    Feature record: CXX_FEATURE:0cxx_binary_literals
    Feature record: CXX_FEATURE:0cxx_constexpr
    Feature record: CXX_FEATURE:0cxx_contextual_conversions
    Feature record: CXX_FEATURE:0cxx_decltype
    Feature record: CXX_FEATURE:0cxx_decltype_auto
    Feature record: CXX_FEATURE:0cxx_decltype_incomplete_return_types
    Feature record: CXX_FEATURE:0cxx_default_function_template_args
    Feature record: CXX_FEATURE:0cxx_defaulted_functions
    Feature record: CXX_FEATURE:0cxx_defaulted_move_initializers
    Feature record: CXX_FEATURE:0cxx_delegating_constructors
    Feature record: CXX_FEATURE:0cxx_deleted_functions
    Feature record: CXX_FEATURE:0cxx_digit_separators
    Feature record: CXX_FEATURE:0cxx_enum_forward_declarations
    Feature record: CXX_FEATURE:0cxx_explicit_conversions
    Feature record: CXX_FEATURE:0cxx_extended_friend_declarations
    Feature record: CXX_FEATURE:0cxx_extern_templates
    Feature record: CXX_FEATURE:0cxx_final
    Feature record: CXX_FEATURE:0cxx_func_identifier
    Feature record: CXX_FEATURE:0cxx_generalized_initializers
    Feature record: CXX_FEATURE:0cxx_generic_lambdas
    Feature record: CXX_FEATURE:0cxx_inheriting_constructors
    Feature record: CXX_FEATURE:0cxx_inline_namespaces
    Feature record: CXX_FEATURE:0cxx_lambdas
    Feature record: CXX_FEATURE:0cxx_lambda_init_captures
    Feature record: CXX_FEATURE:0cxx_local_type_template_args
    Feature record: CXX_FEATURE:0cxx_long_long_type
    Feature record: CXX_FEATURE:0cxx_noexcept
    Feature record: CXX_FEATURE:0cxx_nonstatic_member_init
    Feature record: CXX_FEATURE:0cxx_nullptr
    Feature record: CXX_FEATURE:0cxx_override
    Feature record: CXX_FEATURE:0cxx_range_for
    Feature record: CXX_FEATURE:0cxx_raw_string_literals
    Feature record: CXX_FEATURE:0cxx_reference_qualified_functions
    Feature record: CXX_FEATURE:0cxx_relaxed_constexpr
    Feature record: CXX_FEATURE:0cxx_return_type_deduction
    Feature record: CXX_FEATURE:0cxx_right_angle_brackets
    Feature record: CXX_FEATURE:0cxx_rvalue_references
    Feature record: CXX_FEATURE:0cxx_sizeof_member
    Feature record: CXX_FEATURE:0cxx_static_assert
    Feature record: CXX_FEATURE:0cxx_strong_enums
    Feature record: CXX_FEATURE:1cxx_template_template_parameters
    Feature record: CXX_FEATURE:0cxx_thread_local
    Feature record: CXX_FEATURE:0cxx_trailing_return_types
    Feature record: CXX_FEATURE:0cxx_unicode_literals
    Feature record: CXX_FEATURE:0cxx_uniform_initialization
    Feature record: CXX_FEATURE:0cxx_unrestricted_unions
    Feature record: CXX_FEATURE:0cxx_user_literals
    Feature record: CXX_FEATURE:0cxx_variable_templates
    Feature record: CXX_FEATURE:0cxx_variadic_macros
    Feature record: CXX_FEATURE:0cxx_variadic_templates
Performing C SOURCE FILE Test CMAKE_C_COMPILER_SUPPORTS__std_gnu99 succeeded with the following output:
Change Dir: /home/unitree/lcm-1.4.0/build/CMakeFiles/CMakeTmp

Run Build Command:"/usr/bin/make" "cmTC_bfc56/fast"
/usr/bin/make -f CMakeFiles/cmTC_bfc56.dir/build.make CMakeFiles/cmTC_bfc56.dir/build
make[1]: Entering directory '/home/unitree/lcm-1.4.0/build/CMakeFiles/CMakeTmp'
Building C object CMakeFiles/cmTC_bfc56.dir/src.c.o
/usr/bin/cc   -DCMAKE_C_COMPILER_SUPPORTS__std_gnu99   -std=gnu99 -o CMakeFiles/cmTC_bfc56.dir/src.c.o   -c /home/unitree/lcm-1.4.0/build/CMakeFiles/CMakeTmp/src.c
Linking C executable cmTC_bfc56
/usr/bin/cmake -E cmake_link_script CMakeFiles/cmTC_bfc56.dir/link.txt --verbose=1
/usr/bin/cc  -DCMAKE_C_COMPILER_SUPPORTS__std_gnu99    -rdynamic CMakeFiles/cmTC_bfc56.dir/src.c.o  -o cmTC_bfc56 
make[1]: Leaving directory '/home/unitree/lcm-1.4.0/build/CMakeFiles/CMakeTmp'

Source file was:
int main(void) { return 0; }
Performing C SOURCE FILE Test CMAKE_C_COMPILER_SUPPORTS__Wall succeeded with the following output:
Change Dir: /home/unitree/lcm-1.4.0/build/CMakeFiles/CMakeTmp

Run Build Command:"/usr/bin/make" "cmTC_b3b40/fast"
/usr/bin/make -f CMakeFiles/cmTC_b3b40.dir/build.make CMakeFiles/cmTC_b3b40.dir/build
make[1]: Entering directory '/home/unitree/lcm-1.4.0/build/CMakeFiles/CMakeTmp'
Building C object CMakeFiles/cmTC_b3b40.dir/src.c.o
/usr/bin/cc   -std=gnu99 -DCMAKE_C_COMPILER_SUPPORTS__Wall   -Wall -o CMakeFiles/cmTC_b3b40.dir/src.c.o   -c /home/unitree/lcm-1.4.0/build/CMakeFiles/CMakeTmp/src.c
Linking C executable cmTC_b3b40
/usr/bin/cmake -E cmake_link_script CMakeFiles/cmTC_b3b40.dir/link.txt --verbose=1
/usr/bin/cc  -std=gnu99 -DCMAKE_C_COMPILER_SUPPORTS__Wall    -rdynamic CMakeFiles/cmTC_b3b40.dir/src.c.o  -o cmTC_b3b40 
make[1]: Leaving directory '/home/unitree/lcm-1.4.0/build/CMakeFiles/CMakeTmp'

Source file was:
int main(void) { return 0; }
Performing C SOURCE FILE Test CMAKE_C_COMPILER_SUPPORTS__Wshadow succeeded with the following output:
Change Dir: /home/unitree/lcm-1.4.0/build/CMakeFiles/CMakeTmp

Run Build Command:"/usr/bin/make" "cmTC_16947/fast"
/usr/bin/make -f CMakeFiles/cmTC_16947.dir/build.make CMakeFiles/cmTC_16947.dir/build
make[1]: Entering directory '/home/unitree/lcm-1.4.0/build/CMakeFiles/CMakeTmp'
Building C object CMakeFiles/cmTC_16947.dir/src.c.o
/usr/bin/cc   -std=gnu99 -DCMAKE_C_COMPILER_SUPPORTS__Wshadow   -Wshadow -o CMakeFiles/cmTC_16947.dir/src.c.o   -c /home/unitree/lcm-1.4.0/build/CMakeFiles/CMakeTmp/src.c
Linking C executable cmTC_16947
/usr/bin/cmake -E cmake_link_script CMakeFiles/cmTC_16947.dir/link.txt --verbose=1
/usr/bin/cc  -std=gnu99 -DCMAKE_C_COMPILER_SUPPORTS__Wshadow    -rdynamic CMakeFiles/cmTC_16947.dir/src.c.o  -o cmTC_16947 
make[1]: Leaving directory '/home/unitree/lcm-1.4.0/build/CMakeFiles/CMakeTmp'

Source file was:
int main(void) { return 0; }
Performing C SOURCE FILE Test CMAKE_C_COMPILER_SUPPORTS__Wuninitialized succeeded with the following output:
Change Dir: /home/unitree/lcm-1.4.0/build/CMakeFiles/CMakeTmp

Run Build Command:"/usr/bin/make" "cmTC_748f7/fast"
/usr/bin/make -f CMakeFiles/cmTC_748f7.dir/build.make CMakeFiles/cmTC_748f7.dir/build
make[1]: Entering directory '/home/unitree/lcm-1.4.0/build/CMakeFiles/CMakeTmp'
Building C object CMakeFiles/cmTC_748f7.dir/src.c.o
/usr/bin/cc   -std=gnu99 -DCMAKE_C_COMPILER_SUPPORTS__Wuninitialized   -Wuninitialized -o CMakeFiles/cmTC_748f7.dir/src.c.o   -c /home/unitree/lcm-1.4.0/build/CMakeFiles/CMakeTmp/src.c
Linking C executable cmTC_748f7
/usr/bin/cmake -E cmake_link_script CMakeFiles/cmTC_748f7.dir/link.txt --verbose=1
/usr/bin/cc  -std=gnu99 -DCMAKE_C_COMPILER_SUPPORTS__Wuninitialized    -rdynamic CMakeFiles/cmTC_748f7.dir/src.c.o  -o cmTC_748f7 
make[1]: Leaving directory '/home/unitree/lcm-1.4.0/build/CMakeFiles/CMakeTmp'

Source file was:
int main(void) { return 0; }
Performing C SOURCE FILE Test CMAKE_C_COMPILER_SUPPORTS__Wunused_variable succeeded with the following output:
Change Dir: /home/unitree/lcm-1.4.0/build/CMakeFiles/CMakeTmp

Run Build Command:"/usr/bin/make" "cmTC_1a6a0/fast"
/usr/bin/make -f CMakeFiles/cmTC_1a6a0.dir/build.make CMakeFiles/cmTC_1a6a0.dir/build
make[1]: Entering directory '/home/unitree/lcm-1.4.0/build/CMakeFiles/CMakeTmp'
Building C object CMakeFiles/cmTC_1a6a0.dir/src.c.o
/usr/bin/cc   -std=gnu99 -DCMAKE_C_COMPILER_SUPPORTS__Wunused_variable   -Wunused-variable -o CMakeFiles/cmTC_1a6a0.dir/src.c.o   -c /home/unitree/lcm-1.4.0/build/CMakeFiles/CMakeTmp/src.c
Linking C executable cmTC_1a6a0
/usr/bin/cmake -E cmake_link_script CMakeFiles/cmTC_1a6a0.dir/link.txt --verbose=1
/usr/bin/cc  -std=gnu99 -DCMAKE_C_COMPILER_SUPPORTS__Wunused_variable    -rdynamic CMakeFiles/cmTC_1a6a0.dir/src.c.o  -o cmTC_1a6a0 
make[1]: Leaving directory '/home/unitree/lcm-1.4.0/build/CMakeFiles/CMakeTmp'

Source file was:
int main(void) { return 0; }
Performing C SOURCE FILE Test CMAKE_C_COMPILER_SUPPORTS__Werror_return_type succeeded with the following output:
Change Dir: /home/unitree/lcm-1.4.0/build/CMakeFiles/CMakeTmp

Run Build Command:"/usr/bin/make" "cmTC_dbbff/fast"
/usr/bin/make -f CMakeFiles/cmTC_dbbff.dir/build.make CMakeFiles/cmTC_dbbff.dir/build
make[1]: Entering directory '/home/unitree/lcm-1.4.0/build/CMakeFiles/CMakeTmp'
Building C object CMakeFiles/cmTC_dbbff.dir/src.c.o
/usr/bin/cc   -std=gnu99 -DCMAKE_C_COMPILER_SUPPORTS__Werror_return_type   -Werror=return-type -o CMakeFiles/cmTC_dbbff.dir/src.c.o   -c /home/unitree/lcm-1.4.0/build/CMakeFiles/CMakeTmp/src.c
Linking C executable cmTC_dbbff
/usr/bin/cmake -E cmake_link_script CMakeFiles/cmTC_dbbff.dir/link.txt --verbose=1
/usr/bin/cc  -std=gnu99 -DCMAKE_C_COMPILER_SUPPORTS__Werror_return_type    -rdynamic CMakeFiles/cmTC_dbbff.dir/src.c.o  -o cmTC_dbbff 
make[1]: Leaving directory '/home/unitree/lcm-1.4.0/build/CMakeFiles/CMakeTmp'

Source file was:
int main(void) { return 0; }
Performing C SOURCE FILE Test CMAKE_C_COMPILER_SUPPORTS__Wno_unused_parameter succeeded with the following output:
Change Dir: /home/unitree/lcm-1.4.0/build/CMakeFiles/CMakeTmp

Run Build Command:"/usr/bin/make" "cmTC_95c34/fast"
/usr/bin/make -f CMakeFiles/cmTC_95c34.dir/build.make CMakeFiles/cmTC_95c34.dir/build
make[1]: Entering directory '/home/unitree/lcm-1.4.0/build/CMakeFiles/CMakeTmp'
Building C object CMakeFiles/cmTC_95c34.dir/src.c.o
/usr/bin/cc   -std=gnu99 -DCMAKE_C_COMPILER_SUPPORTS__Wno_unused_parameter   -Wno-unused-parameter -o CMakeFiles/cmTC_95c34.dir/src.c.o   -c /home/unitree/lcm-1.4.0/build/CMakeFiles/CMakeTmp/src.c
Linking C executable cmTC_95c34
/usr/bin/cmake -E cmake_link_script CMakeFiles/cmTC_95c34.dir/link.txt --verbose=1
/usr/bin/cc  -std=gnu99 -DCMAKE_C_COMPILER_SUPPORTS__Wno_unused_parameter    -rdynamic CMakeFiles/cmTC_95c34.dir/src.c.o  -o cmTC_95c34 
make[1]: Leaving directory '/home/unitree/lcm-1.4.0/build/CMakeFiles/CMakeTmp'

Source file was:
int main(void) { return 0; }
Performing C SOURCE FILE Test CMAKE_C_COMPILER_SUPPORTS__Wno_format_zero_length succeeded with the following output:
Change Dir: /home/unitree/lcm-1.4.0/build/CMakeFiles/CMakeTmp

Run Build Command:"/usr/bin/make" "cmTC_f4629/fast"
/usr/bin/make -f CMakeFiles/cmTC_f4629.dir/build.make CMakeFiles/cmTC_f4629.dir/build
make[1]: Entering directory '/home/unitree/lcm-1.4.0/build/CMakeFiles/CMakeTmp'
Building C object CMakeFiles/cmTC_f4629.dir/src.c.o
/usr/bin/cc   -std=gnu99 -DCMAKE_C_COMPILER_SUPPORTS__Wno_format_zero_length   -Wno-format-zero-length -o CMakeFiles/cmTC_f4629.dir/src.c.o   -c /home/unitree/lcm-1.4.0/build/CMakeFiles/CMakeTmp/src.c
Linking C executable cmTC_f4629
/usr/bin/cmake -E cmake_link_script CMakeFiles/cmTC_f4629.dir/link.txt --verbose=1
/usr/bin/cc  -std=gnu99 -DCMAKE_C_COMPILER_SUPPORTS__Wno_format_zero_length    -rdynamic CMakeFiles/cmTC_f4629.dir/src.c.o  -o cmTC_f4629 
make[1]: Leaving directory '/home/unitree/lcm-1.4.0/build/CMakeFiles/CMakeTmp'

Source file was:
int main(void) { return 0; }
Performing C++ SOURCE FILE Test CMAKE_CXX_COMPILER_SUPPORTS__Wall succeeded with the following output:
Change Dir: /home/unitree/lcm-1.4.0/build/CMakeFiles/CMakeTmp

Run Build Command:"/usr/bin/make" "cmTC_af813/fast"
/usr/bin/make -f CMakeFiles/cmTC_af813.dir/build.make CMakeFiles/cmTC_af813.dir/build
make[1]: Entering directory '/home/unitree/lcm-1.4.0/build/CMakeFiles/CMakeTmp'
Building CXX object CMakeFiles/cmTC_af813.dir/src.cxx.o
/usr/bin/c++    -DCMAKE_CXX_COMPILER_SUPPORTS__Wall   -Wall -o CMakeFiles/cmTC_af813.dir/src.cxx.o -c /home/unitree/lcm-1.4.0/build/CMakeFiles/CMakeTmp/src.cxx
Linking CXX executable cmTC_af813
/usr/bin/cmake -E cmake_link_script CMakeFiles/cmTC_af813.dir/link.txt --verbose=1
/usr/bin/c++   -DCMAKE_CXX_COMPILER_SUPPORTS__Wall    -rdynamic CMakeFiles/cmTC_af813.dir/src.cxx.o  -o cmTC_af813 
make[1]: Leaving directory '/home/unitree/lcm-1.4.0/build/CMakeFiles/CMakeTmp'

Source file was:
int main() { return 0; }
Performing C++ SOURCE FILE Test CMAKE_CXX_COMPILER_SUPPORTS__Wshadow succeeded with the following output:
Change Dir: /home/unitree/lcm-1.4.0/build/CMakeFiles/CMakeTmp

Run Build Command:"/usr/bin/make" "cmTC_0a92f/fast"
/usr/bin/make -f CMakeFiles/cmTC_0a92f.dir/build.make CMakeFiles/cmTC_0a92f.dir/build
make[1]: Entering directory '/home/unitree/lcm-1.4.0/build/CMakeFiles/CMakeTmp'
Building CXX object CMakeFiles/cmTC_0a92f.dir/src.cxx.o
/usr/bin/c++    -DCMAKE_CXX_COMPILER_SUPPORTS__Wshadow   -Wshadow -o CMakeFiles/cmTC_0a92f.dir/src.cxx.o -c /home/unitree/lcm-1.4.0/build/CMakeFiles/CMakeTmp/src.cxx
Linking CXX executable cmTC_0a92f
/usr/bin/cmake -E cmake_link_script CMakeFiles/cmTC_0a92f.dir/link.txt --verbose=1
/usr/bin/c++   -DCMAKE_CXX_COMPILER_SUPPORTS__Wshadow    -rdynamic CMakeFiles/cmTC_0a92f.dir/src.cxx.o  -o cmTC_0a92f 
make[1]: Leaving directory '/home/unitree/lcm-1.4.0/build/CMakeFiles/CMakeTmp'

Source file was:
int main() { return 0; }
Performing C++ SOURCE FILE Test CMAKE_CXX_COMPILER_SUPPORTS__Wuninitialized succeeded with the following output:
Change Dir: /home/unitree/lcm-1.4.0/build/CMakeFiles/CMakeTmp

Run Build Command:"/usr/bin/make" "cmTC_1880f/fast"
/usr/bin/make -f CMakeFiles/cmTC_1880f.dir/build.make CMakeFiles/cmTC_1880f.dir/build
make[1]: Entering directory '/home/unitree/lcm-1.4.0/build/CMakeFiles/CMakeTmp'
Building CXX object CMakeFiles/cmTC_1880f.dir/src.cxx.o
/usr/bin/c++    -DCMAKE_CXX_COMPILER_SUPPORTS__Wuninitialized   -Wuninitialized -o CMakeFiles/cmTC_1880f.dir/src.cxx.o -c /home/unitree/lcm-1.4.0/build/CMakeFiles/CMakeTmp/src.cxx
Linking CXX executable cmTC_1880f
/usr/bin/cmake -E cmake_link_script CMakeFiles/cmTC_1880f.dir/link.txt --verbose=1
/usr/bin/c++   -DCMAKE_CXX_COMPILER_SUPPORTS__Wuninitialized    -rdynamic CMakeFiles/cmTC_1880f.dir/src.cxx.o  -o cmTC_1880f 
make[1]: Leaving directory '/home/unitree/lcm-1.4.0/build/CMakeFiles/CMakeTmp'

Source file was:
int main() { return 0; }
Performing C++ SOURCE FILE Test CMAKE_CXX_COMPILER_SUPPORTS__Wunused_variable succeeded with the following output:
Change Dir: /home/unitree/lcm-1.4.0/build/CMakeFiles/CMakeTmp

Run Build Command:"/usr/bin/make" "cmTC_90c4f/fast"
/usr/bin/make -f CMakeFiles/cmTC_90c4f.dir/build.make CMakeFiles/cmTC_90c4f.dir/build
make[1]: Entering directory '/home/unitree/lcm-1.4.0/build/CMakeFiles/CMakeTmp'
Building CXX object CMakeFiles/cmTC_90c4f.dir/src.cxx.o
/usr/bin/c++    -DCMAKE_CXX_COMPILER_SUPPORTS__Wunused_variable   -Wunused-variable -o CMakeFiles/cmTC_90c4f.dir/src.cxx.o -c /home/unitree/lcm-1.4.0/build/CMakeFiles/CMakeTmp/src.cxx
Linking CXX executable cmTC_90c4f
/usr/bin/cmake -E cmake_link_script CMakeFiles/cmTC_90c4f.dir/link.txt --verbose=1
/usr/bin/c++   -DCMAKE_CXX_COMPILER_SUPPORTS__Wunused_variable    -rdynamic CMakeFiles/cmTC_90c4f.dir/src.cxx.o  -o cmTC_90c4f 
make[1]: Leaving directory '/home/unitree/lcm-1.4.0/build/CMakeFiles/CMakeTmp'

Source file was:
int main() { return 0; }
Performing C++ SOURCE FILE Test CMAKE_CXX_COMPILER_SUPPORTS__Werror_return_type succeeded with the following output:
Change Dir: /home/unitree/lcm-1.4.0/build/CMakeFiles/CMakeTmp

Run Build Command:"/usr/bin/make" "cmTC_54110/fast"
/usr/bin/make -f CMakeFiles/cmTC_54110.dir/build.make CMakeFiles/cmTC_54110.dir/build
make[1]: Entering directory '/home/unitree/lcm-1.4.0/build/CMakeFiles/CMakeTmp'
Building CXX object CMakeFiles/cmTC_54110.dir/src.cxx.o
/usr/bin/c++    -DCMAKE_CXX_COMPILER_SUPPORTS__Werror_return_type   -Werror=return-type -o CMakeFiles/cmTC_54110.dir/src.cxx.o -c /home/unitree/lcm-1.4.0/build/CMakeFiles/CMakeTmp/src.cxx
Linking CXX executable cmTC_54110
/usr/bin/cmake -E cmake_link_script CMakeFiles/cmTC_54110.dir/link.txt --verbose=1
/usr/bin/c++   -DCMAKE_CXX_COMPILER_SUPPORTS__Werror_return_type    -rdynamic CMakeFiles/cmTC_54110.dir/src.cxx.o  -o cmTC_54110 
make[1]: Leaving directory '/home/unitree/lcm-1.4.0/build/CMakeFiles/CMakeTmp'

Source file was:
int main() { return 0; }
Performing C++ SOURCE FILE Test CMAKE_CXX_COMPILER_SUPPORTS__Wno_unused_parameter succeeded with the following output:
Change Dir: /home/unitree/lcm-1.4.0/build/CMakeFiles/CMakeTmp

Run Build Command:"/usr/bin/make" "cmTC_d4875/fast"
/usr/bin/make -f CMakeFiles/cmTC_d4875.dir/build.make CMakeFiles/cmTC_d4875.dir/build
make[1]: Entering directory '/home/unitree/lcm-1.4.0/build/CMakeFiles/CMakeTmp'
Building CXX object CMakeFiles/cmTC_d4875.dir/src.cxx.o
/usr/bin/c++    -DCMAKE_CXX_COMPILER_SUPPORTS__Wno_unused_parameter   -Wno-unused-parameter -o CMakeFiles/cmTC_d4875.dir/src.cxx.o -c /home/unitree/lcm-1.4.0/build/CMakeFiles/CMakeTmp/src.cxx
Linking CXX executable cmTC_d4875
/usr/bin/cmake -E cmake_link_script CMakeFiles/cmTC_d4875.dir/link.txt --verbose=1
/usr/bin/c++   -DCMAKE_CXX_COMPILER_SUPPORTS__Wno_unused_parameter    -rdynamic CMakeFiles/cmTC_d4875.dir/src.cxx.o  -o cmTC_d4875 
make[1]: Leaving directory '/home/unitree/lcm-1.4.0/build/CMakeFiles/CMakeTmp'

Source file was:
int main() { return 0; }
Performing C++ SOURCE FILE Test CMAKE_CXX_COMPILER_SUPPORTS__Wno_format_zero_length succeeded with the following output:
Change Dir: /home/unitree/lcm-1.4.0/build/CMakeFiles/CMakeTmp

Run Build Command:"/usr/bin/make" "cmTC_a07d4/fast"
/usr/bin/make -f CMakeFiles/cmTC_a07d4.dir/build.make CMakeFiles/cmTC_a07d4.dir/build
make[1]: Entering directory '/home/unitree/lcm-1.4.0/build/CMakeFiles/CMakeTmp'
Building CXX object CMakeFiles/cmTC_a07d4.dir/src.cxx.o
/usr/bin/c++    -DCMAKE_CXX_COMPILER_SUPPORTS__Wno_format_zero_length   -Wno-format-zero-length -o CMakeFiles/cmTC_a07d4.dir/src.cxx.o -c /home/unitree/lcm-1.4.0/build/CMakeFiles/CMakeTmp/src.cxx
Linking CXX executable cmTC_a07d4
/usr/bin/cmake -E cmake_link_script CMakeFiles/cmTC_a07d4.dir/link.txt --verbose=1
/usr/bin/c++   -DCMAKE_CXX_COMPILER_SUPPORTS__Wno_format_zero_length    -rdynamic CMakeFiles/cmTC_a07d4.dir/src.cxx.o  -o cmTC_a07d4 
make[1]: Leaving directory '/home/unitree/lcm-1.4.0/build/CMakeFiles/CMakeTmp'

Source file was:
int main() { return 0; }
Determining if the include file pthread.h exists passed with the following output:
Change Dir: /home/unitree/lcm-1.4.0/build/CMakeFiles/CMakeTmp

Run Build Command:"/usr/bin/make" "cmTC_fcf0b/fast"
/usr/bin/make -f CMakeFiles/cmTC_fcf0b.dir/build.make CMakeFiles/cmTC_fcf0b.dir/build
make[1]: Entering directory '/home/unitree/lcm-1.4.0/build/CMakeFiles/CMakeTmp'
Building C object CMakeFiles/cmTC_fcf0b.dir/CheckIncludeFile.c.o
/usr/bin/cc   -std=gnu99 -Wno-format-zero-length    -o CMakeFiles/cmTC_fcf0b.dir/CheckIncludeFile.c.o   -c /home/unitree/lcm-1.4.0/build/CMakeFiles/CMakeTmp/CheckIncludeFile.c
Linking C executable cmTC_fcf0b
/usr/bin/cmake -E cmake_link_script CMakeFiles/cmTC_fcf0b.dir/link.txt --verbose=1
/usr/bin/cc  -std=gnu99 -Wno-format-zero-length     -rdynamic CMakeFiles/cmTC_fcf0b.dir/CheckIncludeFile.c.o  -o cmTC_fcf0b 
make[1]: Leaving directory '/home/unitree/lcm-1.4.0/build/CMakeFiles/CMakeTmp'


Determining if the function pthread_create exists in the pthread passed with the following output:
Change Dir: /home/unitree/lcm-1.4.0/build/CMakeFiles/CMakeTmp

Run Build Command:"/usr/bin/make" "cmTC_97906/fast"
/usr/bin/make -f CMakeFiles/cmTC_97906.dir/build.make CMakeFiles/cmTC_97906.dir/build
make[1]: Entering directory '/home/unitree/lcm-1.4.0/build/CMakeFiles/CMakeTmp'
Building C object CMakeFiles/cmTC_97906.dir/CheckFunctionExists.c.o
/usr/bin/cc   -std=gnu99 -Wno-format-zero-length -DCHECK_FUNCTION_EXISTS=pthread_create   -o CMakeFiles/cmTC_97906.dir/CheckFunctionExists.c.o   -c /usr/share/cmake-3.10/Modules/CheckFunctionExists.c
Linking C executable cmTC_97906
/usr/bin/cmake -E cmake_link_script CMakeFiles/cmTC_97906.dir/link.txt --verbose=1
/usr/bin/cc  -std=gnu99 -Wno-format-zero-length -DCHECK_FUNCTION_EXISTS=pthread_create    -rdynamic CMakeFiles/cmTC_97906.dir/CheckFunctionExists.c.o  -o cmTC_97906 -lpthread 
make[1]: Leaving directory '/home/unitree/lcm-1.4.0/build/CMakeFiles/CMakeTmp'


Performing C++ SOURCE FILE Test COMPILER_HAS_HIDDEN_VISIBILITY succeeded with the following output:
Change Dir: /home/unitree/lcm-1.4.0/build/CMakeFiles/CMakeTmp

Run Build Command:"/usr/bin/make" "cmTC_3f76a/fast"
/usr/bin/make -f CMakeFiles/cmTC_3f76a.dir/build.make CMakeFiles/cmTC_3f76a.dir/build
make[1]: Entering directory '/home/unitree/lcm-1.4.0/build/CMakeFiles/CMakeTmp'
Building CXX object CMakeFiles/cmTC_3f76a.dir/src.cxx.o
/usr/bin/c++    -Wno-format-zero-length -DCOMPILER_HAS_HIDDEN_VISIBILITY -fPIE   -fvisibility=hidden -o CMakeFiles/cmTC_3f76a.dir/src.cxx.o -c /home/unitree/lcm-1.4.0/build/CMakeFiles/CMakeTmp/src.cxx
Linking CXX executable cmTC_3f76a
/usr/bin/cmake -E cmake_link_script CMakeFiles/cmTC_3f76a.dir/link.txt --verbose=1
/usr/bin/c++   -Wno-format-zero-length -DCOMPILER_HAS_HIDDEN_VISIBILITY    -rdynamic CMakeFiles/cmTC_3f76a.dir/src.cxx.o  -o cmTC_3f76a 
make[1]: Leaving directory '/home/unitree/lcm-1.4.0/build/CMakeFiles/CMakeTmp'

Source file was:
int main() { return 0; }
Performing C++ SOURCE FILE Test COMPILER_HAS_HIDDEN_INLINE_VISIBILITY succeeded with the following output:
Change Dir: /home/unitree/lcm-1.4.0/build/CMakeFiles/CMakeTmp

Run Build Command:"/usr/bin/make" "cmTC_1ad70/fast"
/usr/bin/make -f CMakeFiles/cmTC_1ad70.dir/build.make CMakeFiles/cmTC_1ad70.dir/build
make[1]: Entering directory '/home/unitree/lcm-1.4.0/build/CMakeFiles/CMakeTmp'
Building CXX object CMakeFiles/cmTC_1ad70.dir/src.cxx.o
/usr/bin/c++    -Wno-format-zero-length -DCOMPILER_HAS_HIDDEN_INLINE_VISIBILITY -fPIE   -fvisibility-inlines-hidden -o CMakeFiles/cmTC_1ad70.dir/src.cxx.o -c /home/unitree/lcm-1.4.0/build/CMakeFiles/CMakeTmp/src.cxx
Linking CXX executable cmTC_1ad70
/usr/bin/cmake -E cmake_link_script CMakeFiles/cmTC_1ad70.dir/link.txt --verbose=1
/usr/bin/c++   -Wno-format-zero-length -DCOMPILER_HAS_HIDDEN_INLINE_VISIBILITY    -rdynamic CMakeFiles/cmTC_1ad70.dir/src.cxx.o  -o cmTC_1ad70 
make[1]: Leaving directory '/home/unitree/lcm-1.4.0/build/CMakeFiles/CMakeTmp'

Source file was:
int main() { return 0; }
Performing C++ SOURCE FILE Test COMPILER_HAS_DEPRECATED_ATTR succeeded with the following output:
Change Dir: /home/unitree/lcm-1.4.0/build/CMakeFiles/CMakeTmp

Run Build Command:"/usr/bin/make" "cmTC_a970e/fast"
/usr/bin/make -f CMakeFiles/cmTC_a970e.dir/build.make CMakeFiles/cmTC_a970e.dir/build
make[1]: Entering directory '/home/unitree/lcm-1.4.0/build/CMakeFiles/CMakeTmp'
Building CXX object CMakeFiles/cmTC_a970e.dir/src.cxx.o
/usr/bin/c++    -Wno-format-zero-length -DCOMPILER_HAS_DEPRECATED_ATTR -fPIE   -o CMakeFiles/cmTC_a970e.dir/src.cxx.o -c /home/unitree/lcm-1.4.0/build/CMakeFiles/CMakeTmp/src.cxx
/home/unitree/lcm-1.4.0/build/CMakeFiles/CMakeTmp/src.cxx: In function int main():
/home/unitree/lcm-1.4.0/build/CMakeFiles/CMakeTmp/src.cxx:2:34: warning: int somefunc() is deprecated [-Wdeprecated-declarations]
     int main() { return somefunc();}
                                  ^
/home/unitree/lcm-1.4.0/build/CMakeFiles/CMakeTmp/src.cxx:1:37: note: declared here
 __attribute__((__deprecated__)) int somefunc() { return 0; }
                                     ^~~~~~~~
Linking CXX executable cmTC_a970e
/usr/bin/cmake -E cmake_link_script CMakeFiles/cmTC_a970e.dir/link.txt --verbose=1
/usr/bin/c++   -Wno-format-zero-length -DCOMPILER_HAS_DEPRECATED_ATTR    -rdynamic CMakeFiles/cmTC_a970e.dir/src.cxx.o  -o cmTC_a970e 
make[1]: Leaving directory '/home/unitree/lcm-1.4.0/build/CMakeFiles/CMakeTmp'

Source file was:
__attribute__((__deprecated__)) int somefunc() { return 0; }
    int main() { return somefunc();}
