Determining if the pthread_create exist failed with the following output:
Change Dir: /home/unitree/lcm-1.4.0/build/CMakeFiles/CMakeTmp

Run Build Command:"/usr/bin/make" "cmTC_1a368/fast"
/usr/bin/make -f CMakeFiles/cmTC_1a368.dir/build.make CMakeFiles/cmTC_1a368.dir/build
make[1]: Entering directory '/home/unitree/lcm-1.4.0/build/CMakeFiles/CMakeTmp'
Building C object CMakeFiles/cmTC_1a368.dir/CheckSymbolExists.c.o
/usr/bin/cc   -std=gnu99 -Wno-format-zero-length    -o CMakeFiles/cmTC_1a368.dir/CheckSymbolExists.c.o   -c /home/unitree/lcm-1.4.0/build/CMakeFiles/CMakeTmp/CheckSymbolExists.c
Linking C executable cmTC_1a368
/usr/bin/cmake -E cmake_link_script CMakeFiles/cmTC_1a368.dir/link.txt --verbose=1
/usr/bin/cc  -std=gnu99 -Wno-format-zero-length     -rdynamic CMakeFiles/cmTC_1a368.dir/CheckSymbolExists.c.o  -o cmTC_1a368 
CMakeFiles/cmTC_1a368.dir/CheckSymbolExists.c.o: In function `main':
CheckSymbolExists.c:(.text+0x14): undefined reference to `pthread_create'
CheckSymbolExists.c:(.text+0x18): undefined reference to `pthread_create'
collect2: error: ld returned 1 exit status
CMakeFiles/cmTC_1a368.dir/build.make:97: recipe for target 'cmTC_1a368' failed
make[1]: *** [cmTC_1a368] Error 1
make[1]: Leaving directory '/home/unitree/lcm-1.4.0/build/CMakeFiles/CMakeTmp'
Makefile:126: recipe for target 'cmTC_1a368/fast' failed
make: *** [cmTC_1a368/fast] Error 2

File /home/unitree/lcm-1.4.0/build/CMakeFiles/CMakeTmp/CheckSymbolExists.c:
/* */
#include <pthread.h>

int main(int argc, char** argv)
{
  (void)argv;
#ifndef pthread_create
  return ((int*)(&pthread_create))[argc];
#else
  (void)argc;
  return 0;
#endif
}

Determining if the function pthread_create exists in the pthreads failed with the following output:
Change Dir: /home/unitree/lcm-1.4.0/build/CMakeFiles/CMakeTmp

Run Build Command:"/usr/bin/make" "cmTC_81adc/fast"
/usr/bin/make -f CMakeFiles/cmTC_81adc.dir/build.make CMakeFiles/cmTC_81adc.dir/build
make[1]: Entering directory '/home/unitree/lcm-1.4.0/build/CMakeFiles/CMakeTmp'
Building C object CMakeFiles/cmTC_81adc.dir/CheckFunctionExists.c.o
/usr/bin/cc   -std=gnu99 -Wno-format-zero-length -DCHECK_FUNCTION_EXISTS=pthread_create   -o CMakeFiles/cmTC_81adc.dir/CheckFunctionExists.c.o   -c /usr/share/cmake-3.10/Modules/CheckFunctionExists.c
Linking C executable cmTC_81adc
/usr/bin/cmake -E cmake_link_script CMakeFiles/cmTC_81adc.dir/link.txt --verbose=1
/usr/bin/cc  -std=gnu99 -Wno-format-zero-length -DCHECK_FUNCTION_EXISTS=pthread_create    -rdynamic CMakeFiles/cmTC_81adc.dir/CheckFunctionExists.c.o  -o cmTC_81adc -lpthreads 
/usr/bin/ld: cannot find -lpthreads
collect2: error: ld returned 1 exit status
CMakeFiles/cmTC_81adc.dir/build.make:97: recipe for target 'cmTC_81adc' failed
make[1]: *** [cmTC_81adc] Error 1
make[1]: Leaving directory '/home/unitree/lcm-1.4.0/build/CMakeFiles/CMakeTmp'
Makefile:126: recipe for target 'cmTC_81adc/fast' failed
make: *** [cmTC_81adc/fast] Error 2


